[debug] [2024-09-10T06:33:59.623Z] ----------------------------------------------------------------------
[debug] [2024-09-10T06:33:59.625Z] Command:       /opt/homebrew/Cellar/node/22.6.0/bin/node /opt/homebrew/bin/firebase init hosting:github
[debug] [2024-09-10T06:33:59.625Z] CLI Version:   13.16.0
[debug] [2024-09-10T06:33:59.625Z] Platform:      darwin
[debug] [2024-09-10T06:33:59.625Z] Node Version:  v22.6.0
[debug] [2024-09-10T06:33:59.626Z] Time:          Tue Sep 10 2024 12:33:59 GMT+0600 (East Kazakhstan Time)
[debug] [2024-09-10T06:33:59.626Z] ----------------------------------------------------------------------
[debug] 
[debug] [2024-09-10T06:33:59.671Z] > command requires scopes: ["email","openid","https://www.googleapis.com/auth/cloudplatformprojects.readonly","https://www.googleapis.com/auth/firebase","https://www.googleapis.com/auth/cloud-platform"]
[debug] [2024-09-10T06:33:59.671Z] > authorizing via signed-in user (kapas.askhat@gmail.com)
[info] 
     ######## #### ########  ######## ########     ###     ######  ########
     ##        ##  ##     ## ##       ##     ##  ##   ##  ##       ##
     ######    ##  ########  ######   ########  #########  ######  ######
     ##        ##  ##    ##  ##       ##     ## ##     ##       ## ##
     ##       #### ##     ## ######## ########  ##     ##  ######  ########

You're about to initialize a Firebase project in this directory:

  /Users/askhatkapas/Documents/rn-projects/web-agro-2

Before we get started, keep in mind:

  * You are initializing within an existing Firebase project directory

[info] 
=== Project Setup
[info] 
[info] First, let's associate this project directory with a Firebase project.
[info] You can create multiple project aliases by running firebase use --add, 
[info] but for now we'll just set up a default project.
[info] 
[debug] [2024-09-10T06:33:59.673Z] Using project from CLI flag: bai-agro
[debug] [2024-09-10T06:33:59.674Z] >>> [apiv2][query] GET https://firebase.googleapis.com/v1beta1/projects/bai-agro [none]
[debug] [2024-09-10T06:34:00.361Z] <<< [apiv2][status] GET https://firebase.googleapis.com/v1beta1/projects/bai-agro 200
[debug] [2024-09-10T06:34:00.362Z] <<< [apiv2][body] GET https://firebase.googleapis.com/v1beta1/projects/bai-agro {"projectId":"bai-agro","projectNumber":"135962968537","displayName":"bai-agro","name":"projects/bai-agro","resources":{"hostingSite":"bai-agro"},"state":"ACTIVE","etag":"1_87675576-14c1-4a4a-90e5-1b6577588586"}
[info] i  Using project bai-agro (bai-agro) 
[info] 
=== Hosting:github Setup
[info] 
[info] i  Detected a .git folder at /Users/askhatkapas/Documents/rn-projects/web-agro-2 
[info] i  Authorizing with GitHub to upload your service account to a GitHub repository's secrets store. 
[info] 
[info] Visit this URL on this device to log in:
[info] https://github.com/login/oauth/authorize?client_id=89cf50f02ac6aaed3484&state=344832725&redirect_uri=http%3A%2F%2Flocalhost%3A9005&scope=read%3Auser%20repo%20public_repo
[info] 
[info] Waiting for authentication...
[debug] [2024-09-10T06:34:06.099Z] >>> [apiv2][query] POST https://github.com/login/oauth/access_token [none]
[debug] [2024-09-10T06:34:06.100Z] >>> [apiv2][body] POST https://github.com/login/oauth/access_token [stream]
[debug] [2024-09-10T06:34:06.697Z] <<< [apiv2][status] POST https://github.com/login/oauth/access_token 200
[debug] [2024-09-10T06:34:06.698Z] <<< [apiv2][body] POST https://github.com/login/oauth/access_token {"access_token":"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","token_type":"bearer","scope":"read:user,repo"}
[debug] [2024-09-10T06:34:06.709Z] >>> [apiv2][query] GET https://api.github.com/user [none]
[debug] [2024-09-10T06:34:07.707Z] <<< [apiv2][status] GET https://api.github.com/user 200
[debug] [2024-09-10T06:34:07.708Z] <<< [apiv2][body] GET https://api.github.com/user {"login":"qapasaskhat","id":38196322,"node_id":"MDQ6VXNlcjM4MTk2MzIy","avatar_url":"https://avatars.githubusercontent.com/u/38196322?v=4","gravatar_id":"","url":"https://api.github.com/users/qapasaskhat","html_url":"https://github.com/qapasaskhat","followers_url":"https://api.github.com/users/qapasaskhat/followers","following_url":"https://api.github.com/users/qapasaskhat/following{/other_user}","gists_url":"https://api.github.com/users/qapasaskhat/gists{/gist_id}","starred_url":"https://api.github.com/users/qapasaskhat/starred{/owner}{/repo}","subscriptions_url":"https://api.github.com/users/qapasaskhat/subscriptions","organizations_url":"https://api.github.com/users/qapasaskhat/orgs","repos_url":"https://api.github.com/users/qapasaskhat/repos","events_url":"https://api.github.com/users/qapasaskhat/events{/privacy}","received_events_url":"https://api.github.com/users/qapasaskhat/received_events","type":"User","site_admin":false,"name":"Qapas Askhat","company":"Cronex","blog":"","location":"Almaty","email":null,"hireable":null,"bio":"React Native Developer","twitter_username":null,"notification_email":null,"public_repos":25,"public_gists":0,"followers":1,"following":1,"created_at":"2018-04-09T01:23:20Z","updated_at":"2024-09-10T06:32:20Z","private_gists":0,"total_private_repos":16,"owned_private_repos":16,"disk_usage":243540,"collaborators":3,"two_factor_authentication":false,"plan":{"name":"free","space":976562499,"collaborators":0,"private_repos":10000}}
[info] 
[info] ✔  Success! Logged into GitHub as qapasaskhat 
[info] 
